[11:1:9.511] Global cache location '/home/arjun/.cache/typescript/4.0', safe file path '/home/arjun/.nvm/versions/node/v12.18.3/lib/node_modules/typescript/lib/typingSafeList.json', types map path /home/arjun/.nvm/versions/node/v12.18.3/lib/node_modules/typescript/lib/typesMap.json
[11:1:9.511] Processing cache location '/home/arjun/.cache/typescript/4.0'
[11:1:9.511] Trying to find '/home/arjun/.cache/typescript/4.0/package.json'...
[11:1:9.512] Loaded content of '/home/arjun/.cache/typescript/4.0/package.json': {"private":true,"dependencies":{"types-registry":"^0.1.510"},"devDependencies":{"@types/async":"^3.2.3","@types/atob":"^2.1.2","@types/babel__core":"^7.1.10","@types/bindings":"^1.3.0","@types/core-js":"^2.5.4","@types/cross-spawn":"^6.0.2","@types/denodeify":"^1.2.31","@types/err-code":"^2.0.0","@types/eslint":"^7.2.3","@types/expo__vector-icons":"^9.0.1","@types/fbemitter":"^2.0.32","@types/immediate":"^3.2.0","@types/invariant":"^2.2.34","@types/isomorphic-fetch":"0.0.35","@types/karma":"^5.0.0","@types/karma-chrome-launcher":"^3.1.0","@types/karma-coverage-istanbul-reporter":"^2.1.0","@types/karma-jasmine":"^3.1.0","@types/karma-jasmine-html-reporter":"^1.5.1","@types/less":"^3.0.1","@types/lodash":"^4.14.161","@types/md5-file":"^4.0.2","@types/mongodb":"^3.5.27","@types/mongoose":"^5.7.36","@types/nodemon":"^1.19.0","@types/object-path":"^0.11.0","@types/react":"^16.9.51","@types/react-dom":"^16.9.8","@types/react-native":"^0.63.23","@types/sass":"^1.16.0","@types/sass-loader":"^8.0.0","@types/sprintf":"^0.1.0","@types/ua-parser-js":"^0.7.33","@types/uuid":"^8.3.0"}}
[11:1:9.512] Loaded content of '/home/arjun/.cache/typescript/4.0/package-lock.json'
[11:1:9.527] Adding entry into typings cache: 'async' => '/home/arjun/.cache/typescript/4.0/node_modules/@types/async/index.d.ts'
[11:1:9.530] Adding entry into typings cache: 'atob' => '/home/arjun/.cache/typescript/4.0/node_modules/@types/atob/index.d.ts'
[11:1:9.534] Adding entry into typings cache: 'babel__core' => '/home/arjun/.cache/typescript/4.0/node_modules/@types/babel__core/index.d.ts'
[11:1:9.537] Adding entry into typings cache: 'bindings' => '/home/arjun/.cache/typescript/4.0/node_modules/@types/bindings/index.d.ts'
[11:1:9.540] Adding entry into typings cache: 'core-js' => '/home/arjun/.cache/typescript/4.0/node_modules/@types/core-js/index.d.ts'
[11:1:9.542] Adding entry into typings cache: 'cross-spawn' => '/home/arjun/.cache/typescript/4.0/node_modules/@types/cross-spawn/index.d.ts'
[11:1:9.544] Adding entry into typings cache: 'denodeify' => '/home/arjun/.cache/typescript/4.0/node_modules/@types/denodeify/index.d.ts'
[11:1:9.548] Adding entry into typings cache: 'err-code' => '/home/arjun/.cache/typescript/4.0/node_modules/@types/err-code/index.d.ts'
[11:1:9.553] Adding entry into typings cache: 'eslint' => '/home/arjun/.cache/typescript/4.0/node_modules/@types/eslint/index.d.ts'
[11:1:9.557] Adding entry into typings cache: 'expo__vector-icons' => '/home/arjun/.cache/typescript/4.0/node_modules/@types/expo__vector-icons/index.d.ts'
[11:1:9.560] Adding entry into typings cache: 'fbemitter' => '/home/arjun/.cache/typescript/4.0/node_modules/@types/fbemitter/index.d.ts'
[11:1:9.561] Adding entry into typings cache: 'immediate' => '/home/arjun/.cache/typescript/4.0/node_modules/@types/immediate/index.d.ts'
[11:1:9.564] Adding entry into typings cache: 'invariant' => '/home/arjun/.cache/typescript/4.0/node_modules/@types/invariant/index.d.ts'
[11:1:9.566] Adding entry into typings cache: 'isomorphic-fetch' => '/home/arjun/.cache/typescript/4.0/node_modules/@types/isomorphic-fetch/index.d.ts'
[11:1:9.568] Adding entry into typings cache: 'karma' => '/home/arjun/.cache/typescript/4.0/node_modules/@types/karma/index.d.ts'
[11:1:9.572] Adding entry into typings cache: 'karma-chrome-launcher' => '/home/arjun/.cache/typescript/4.0/node_modules/@types/karma-chrome-launcher/index.d.ts'
[11:1:9.573] Adding entry into typings cache: 'karma-coverage-istanbul-reporter' => '/home/arjun/.cache/typescript/4.0/node_modules/@types/karma-coverage-istanbul-reporter/index.d.ts'
[11:1:9.575] Adding entry into typings cache: 'karma-jasmine' => '/home/arjun/.cache/typescript/4.0/node_modules/@types/karma-jasmine/index.d.ts'
[11:1:9.577] Adding entry into typings cache: 'karma-jasmine-html-reporter' => '/home/arjun/.cache/typescript/4.0/node_modules/@types/karma-jasmine-html-reporter/index.d.ts'
[11:1:9.579] Adding entry into typings cache: 'less' => '/home/arjun/.cache/typescript/4.0/node_modules/@types/less/index.d.ts'
[11:1:9.583] Adding entry into typings cache: 'lodash' => '/home/arjun/.cache/typescript/4.0/node_modules/@types/lodash/index.d.ts'
[11:1:9.586] Adding entry into typings cache: 'md5-file' => '/home/arjun/.cache/typescript/4.0/node_modules/@types/md5-file/index.d.ts'
[11:1:9.592] Adding entry into typings cache: 'mongodb' => '/home/arjun/.cache/typescript/4.0/node_modules/@types/mongodb/index.d.ts'
[11:1:9.599] Adding entry into typings cache: 'mongoose' => '/home/arjun/.cache/typescript/4.0/node_modules/@types/mongoose/index.d.ts'
[11:1:9.601] Adding entry into typings cache: 'nodemon' => '/home/arjun/.cache/typescript/4.0/node_modules/@types/nodemon/index.d.ts'
[11:1:9.604] Adding entry into typings cache: 'object-path' => '/home/arjun/.cache/typescript/4.0/node_modules/@types/object-path/index.d.ts'
[11:1:9.611] Adding entry into typings cache: 'react' => '/home/arjun/.cache/typescript/4.0/node_modules/@types/react/index.d.ts'
[11:1:9.616] Adding entry into typings cache: 'react-dom' => '/home/arjun/.cache/typescript/4.0/node_modules/@types/react-dom/index.d.ts'
[11:1:9.622] Adding entry into typings cache: 'react-native' => '/home/arjun/.cache/typescript/4.0/node_modules/@types/react-native/index.d.ts'
[11:1:9.624] Adding entry into typings cache: 'sass' => '/home/arjun/.cache/typescript/4.0/node_modules/@types/sass/index.d.ts'
[11:1:9.626] Adding entry into typings cache: 'sass-loader' => '/home/arjun/.cache/typescript/4.0/node_modules/@types/sass-loader/index.d.ts'
[11:1:9.629] Adding entry into typings cache: 'sprintf' => '/home/arjun/.cache/typescript/4.0/node_modules/@types/sprintf/index.d.ts'
[11:1:9.632] Adding entry into typings cache: 'ua-parser-js' => '/home/arjun/.cache/typescript/4.0/node_modules/@types/ua-parser-js/index.d.ts'
[11:1:9.636] Adding entry into typings cache: 'uuid' => '/home/arjun/.cache/typescript/4.0/node_modules/@types/uuid/index.d.ts'
[11:1:9.636] Finished processing cache location '/home/arjun/.cache/typescript/4.0'
[11:1:9.636] Process id: 1501
[11:1:9.636] NPM location: /home/arjun/.nvm/versions/node/v12.18.3/bin/npm (explicit '--npmLocation' not  provided)
[11:1:9.636] validateDefaultNpmLocation: false
[11:1:9.637] Npm config file: /home/arjun/.cache/typescript/4.0/package.json
[11:1:9.637] Updating types-registry npm package...
[11:1:9.637] Exec: /home/arjun/.nvm/versions/node/v12.18.3/bin/npm install --ignore-scripts types-registry@latest
