[10:8:16.819] Global cache location '/home/arjun/.cache/typescript/4.0', safe file path '/home/arjun/.nvm/versions/node/v12.18.3/lib/node_modules/typescript/lib/typingSafeList.json', types map path /home/arjun/.nvm/versions/node/v12.18.3/lib/node_modules/typescript/lib/typesMap.json
[10:8:16.819] Processing cache location '/home/arjun/.cache/typescript/4.0'
[10:8:16.819] Trying to find '/home/arjun/.cache/typescript/4.0/package.json'...
[10:8:16.821] Loaded content of '/home/arjun/.cache/typescript/4.0/package.json': {"private":true,"dependencies":{"types-registry":"^0.1.510"},"devDependencies":{"@types/async":"^3.2.3","@types/atob":"^2.1.2","@types/babel__core":"^7.1.10","@types/bindings":"^1.3.0","@types/core-js":"^2.5.4","@types/cross-spawn":"^6.0.2","@types/denodeify":"^1.2.31","@types/err-code":"^2.0.0","@types/eslint":"^7.2.3","@types/expo__vector-icons":"^9.0.1","@types/fbemitter":"^2.0.32","@types/immediate":"^3.2.0","@types/invariant":"^2.2.34","@types/isomorphic-fetch":"0.0.35","@types/karma":"^5.0.0","@types/karma-chrome-launcher":"^3.1.0","@types/karma-coverage-istanbul-reporter":"^2.1.0","@types/karma-jasmine":"^3.1.0","@types/karma-jasmine-html-reporter":"^1.5.1","@types/less":"^3.0.1","@types/lodash":"^4.14.161","@types/md5-file":"^4.0.2","@types/mongodb":"^3.5.27","@types/mongoose":"^5.7.36","@types/nodemon":"^1.19.0","@types/object-path":"^0.11.0","@types/react":"^16.9.51","@types/react-dom":"^16.9.8","@types/react-native":"^0.63.23","@types/sass":"^1.16.0","@types/sass-loader":"^8.0.0","@types/sprintf":"^0.1.0","@types/ua-parser-js":"^0.7.33","@types/uuid":"^8.3.0"}}
[10:8:16.821] Loaded content of '/home/arjun/.cache/typescript/4.0/package-lock.json'
[10:8:16.839] Adding entry into typings cache: 'async' => '/home/arjun/.cache/typescript/4.0/node_modules/@types/async/index.d.ts'
[10:8:16.842] Adding entry into typings cache: 'atob' => '/home/arjun/.cache/typescript/4.0/node_modules/@types/atob/index.d.ts'
[10:8:16.847] Adding entry into typings cache: 'babel__core' => '/home/arjun/.cache/typescript/4.0/node_modules/@types/babel__core/index.d.ts'
[10:8:16.850] Adding entry into typings cache: 'bindings' => '/home/arjun/.cache/typescript/4.0/node_modules/@types/bindings/index.d.ts'
[10:8:16.854] Adding entry into typings cache: 'core-js' => '/home/arjun/.cache/typescript/4.0/node_modules/@types/core-js/index.d.ts'
[10:8:16.857] Adding entry into typings cache: 'cross-spawn' => '/home/arjun/.cache/typescript/4.0/node_modules/@types/cross-spawn/index.d.ts'
[10:8:16.860] Adding entry into typings cache: 'denodeify' => '/home/arjun/.cache/typescript/4.0/node_modules/@types/denodeify/index.d.ts'
[10:8:16.864] Adding entry into typings cache: 'err-code' => '/home/arjun/.cache/typescript/4.0/node_modules/@types/err-code/index.d.ts'
[10:8:16.868] Adding entry into typings cache: 'eslint' => '/home/arjun/.cache/typescript/4.0/node_modules/@types/eslint/index.d.ts'
[10:8:16.872] Adding entry into typings cache: 'expo__vector-icons' => '/home/arjun/.cache/typescript/4.0/node_modules/@types/expo__vector-icons/index.d.ts'
[10:8:16.875] Adding entry into typings cache: 'fbemitter' => '/home/arjun/.cache/typescript/4.0/node_modules/@types/fbemitter/index.d.ts'
[10:8:16.879] Adding entry into typings cache: 'immediate' => '/home/arjun/.cache/typescript/4.0/node_modules/@types/immediate/index.d.ts'
[10:8:16.882] Adding entry into typings cache: 'invariant' => '/home/arjun/.cache/typescript/4.0/node_modules/@types/invariant/index.d.ts'
[10:8:16.885] Adding entry into typings cache: 'isomorphic-fetch' => '/home/arjun/.cache/typescript/4.0/node_modules/@types/isomorphic-fetch/index.d.ts'
[10:8:16.888] Adding entry into typings cache: 'karma' => '/home/arjun/.cache/typescript/4.0/node_modules/@types/karma/index.d.ts'
[10:8:16.890] Adding entry into typings cache: 'karma-chrome-launcher' => '/home/arjun/.cache/typescript/4.0/node_modules/@types/karma-chrome-launcher/index.d.ts'
[10:8:16.892] Adding entry into typings cache: 'karma-coverage-istanbul-reporter' => '/home/arjun/.cache/typescript/4.0/node_modules/@types/karma-coverage-istanbul-reporter/index.d.ts'
[10:8:16.896] Adding entry into typings cache: 'karma-jasmine' => '/home/arjun/.cache/typescript/4.0/node_modules/@types/karma-jasmine/index.d.ts'
[10:8:16.898] Adding entry into typings cache: 'karma-jasmine-html-reporter' => '/home/arjun/.cache/typescript/4.0/node_modules/@types/karma-jasmine-html-reporter/index.d.ts'
[10:8:16.901] Adding entry into typings cache: 'less' => '/home/arjun/.cache/typescript/4.0/node_modules/@types/less/index.d.ts'
[10:8:16.909] Adding entry into typings cache: 'lodash' => '/home/arjun/.cache/typescript/4.0/node_modules/@types/lodash/index.d.ts'
[10:8:16.912] Adding entry into typings cache: 'md5-file' => '/home/arjun/.cache/typescript/4.0/node_modules/@types/md5-file/index.d.ts'
[10:8:16.918] Adding entry into typings cache: 'mongodb' => '/home/arjun/.cache/typescript/4.0/node_modules/@types/mongodb/index.d.ts'
[10:8:16.925] Adding entry into typings cache: 'mongoose' => '/home/arjun/.cache/typescript/4.0/node_modules/@types/mongoose/index.d.ts'
[10:8:16.928] Adding entry into typings cache: 'nodemon' => '/home/arjun/.cache/typescript/4.0/node_modules/@types/nodemon/index.d.ts'
[10:8:16.932] Adding entry into typings cache: 'object-path' => '/home/arjun/.cache/typescript/4.0/node_modules/@types/object-path/index.d.ts'
[10:8:16.936] Adding entry into typings cache: 'react' => '/home/arjun/.cache/typescript/4.0/node_modules/@types/react/index.d.ts'
[10:8:16.941] Adding entry into typings cache: 'react-dom' => '/home/arjun/.cache/typescript/4.0/node_modules/@types/react-dom/index.d.ts'
[10:8:16.946] Adding entry into typings cache: 'react-native' => '/home/arjun/.cache/typescript/4.0/node_modules/@types/react-native/index.d.ts'
[10:8:16.949] Adding entry into typings cache: 'sass' => '/home/arjun/.cache/typescript/4.0/node_modules/@types/sass/index.d.ts'
[10:8:16.951] Adding entry into typings cache: 'sass-loader' => '/home/arjun/.cache/typescript/4.0/node_modules/@types/sass-loader/index.d.ts'
[10:8:16.953] Adding entry into typings cache: 'sprintf' => '/home/arjun/.cache/typescript/4.0/node_modules/@types/sprintf/index.d.ts'
[10:8:16.956] Adding entry into typings cache: 'ua-parser-js' => '/home/arjun/.cache/typescript/4.0/node_modules/@types/ua-parser-js/index.d.ts'
[10:8:16.958] Adding entry into typings cache: 'uuid' => '/home/arjun/.cache/typescript/4.0/node_modules/@types/uuid/index.d.ts'
[10:8:16.958] Finished processing cache location '/home/arjun/.cache/typescript/4.0'
[10:8:16.958] Process id: 462
[10:8:16.959] NPM location: /home/arjun/.nvm/versions/node/v12.18.3/bin/npm (explicit '--npmLocation' not  provided)
[10:8:16.959] validateDefaultNpmLocation: false
[10:8:16.959] Npm config file: /home/arjun/.cache/typescript/4.0/package.json
[10:8:16.959] Updating types-registry npm package...
[10:8:16.959] Exec: /home/arjun/.nvm/versions/node/v12.18.3/bin/npm install --ignore-scripts types-registry@latest
[10:8:19.535]     Succeeded. stdout:
    + types-registry@0.1.511
    updated 1 package and audited 75 packages in 1.913s
found 0 vulnerabilities


[10:8:19.535] Updated types-registry npm package
[10:8:21.374] Got install request {"projectName":"/dev/null/inferredProject1*","fileNames":["/home/arjun/.nvm/versions/node/v12.18.3/lib/node_modules/typescript/lib/lib.d.ts","/home/arjun/.nvm/versions/node/v12.18.3/lib/node_modules/typescript/lib/lib.es5.d.ts","/home/arjun/.nvm/versions/node/v12.18.3/lib/node_modules/typescript/lib/lib.dom.d.ts","/home/arjun/.nvm/versions/node/v12.18.3/lib/node_modules/typescript/lib/lib.webworker.importscripts.d.ts","/home/arjun/.nvm/versions/node/v12.18.3/lib/node_modules/typescript/lib/lib.scripthost.d.ts","/home/arjun/Programs/WhiteHatJR/barter-app/node_modules/@cnakazawa/watch/main.js"],"compilerOptions":{"target":1,"jsx":1,"allowNonTsExtensions":true,"allowJs":true,"noEmitForJsFiles":true,"maxNodeModuleJsDepth":2},"typeAcquisition":{"enable":true,"include":[],"exclude":[]},"unresolvedImports":[],"projectRootPath":"/home/arjun/Programs/WhiteHatJR/barter-app/node_modules/@cnakazawa/watch","kind":"discover"}
[10:8:21.387] Loaded safelist from types map file '/home/arjun/.nvm/versions/node/v12.18.3/lib/node_modules/typescript/lib/typesMap.json'
[10:8:21.388] Explicitly included types: []
[10:8:21.390] Typing names in '/home/arjun/Programs/WhiteHatJR/barter-app/node_modules/@cnakazawa/watch/package.json' dependencies: ["exec-sh","minimist"]
[10:8:21.391] Inferred typings from unresolved imports: []
[10:8:21.391] Result: {"cachedTypingPaths":[],"newTypingNames":["exec-sh","minimist"],"filesToWatch":["/home/arjun/Programs/WhiteHatJR/barter-app/node_modules/@cnakazawa/watch/package.json","/home/arjun/Programs/WhiteHatJR/barter-app/node_modules/@cnakazawa/watch/bower_components","/home/arjun/Programs/WhiteHatJR/barter-app/node_modules/@cnakazawa/watch/node_modules"]}
[10:8:21.391] Finished typings discovery: {"cachedTypingPaths":[],"newTypingNames":["exec-sh","minimist"],"filesToWatch":["/home/arjun/Programs/WhiteHatJR/barter-app/node_modules/@cnakazawa/watch/package.json","/home/arjun/Programs/WhiteHatJR/barter-app/node_modules/@cnakazawa/watch/bower_components","/home/arjun/Programs/WhiteHatJR/barter-app/node_modules/@cnakazawa/watch/node_modules"]}
[10:8:21.391] FileWatcher:: Added:: WatchInfo: /home/arjun/Programs/WhiteHatJR/barter-app/node_modules/@cnakazawa/watch/package.json
[10:8:21.392] DirectoryWatcher:: Added:: WatchInfo: /home/arjun/Programs/WhiteHatJR/barter-app/node_modules/@cnakazawa/watch/bower_components
[10:8:21.393] DirectoryWatcher:: Added:: WatchInfo: /home/arjun/Programs/WhiteHatJR/barter-app/node_modules/@cnakazawa/watch/node_modules
[10:8:21.393] Installing typings ["exec-sh","minimist"]
[10:8:21.393] 'exec-sh':: Entry for package 'exec-sh' does not exist in local types registry - skipping...
[10:8:21.393] Npm config file: /home/arjun/.cache/typescript/4.0/package.json
[10:8:21.393] Sending response:
    {"kind":"event::beginInstallTypes","eventId":1,"typingsInstallerVersion":"4.0.3","projectName":"/dev/null/inferredProject1*"}
[10:8:21.394] Response has been sent.
[10:8:21.394] #1 with arguments'["@types/minimist@ts4.0"]'.
[10:8:21.394] Exec: /home/arjun/.nvm/versions/node/v12.18.3/bin/npm install --ignore-scripts @types/minimist@ts4.0 --save-dev --user-agent="typesInstaller/4.0.3"
[10:8:22.631]     Succeeded. stdout:
    + @types/minimist@1.2.0
    added 1 package from 1 contributor and audited 76 packages in 0.782s
found 0 vulnerabilities


[10:8:22.632] npm install #1 took: 1238 ms
[10:8:22.632] Installed typings ["@types/minimist@ts4.0"]
[10:8:22.633] Installed typing files ["/home/arjun/.cache/typescript/4.0/node_modules/@types/minimist/index.d.ts"]
[10:8:22.633] Sending response:
    {"projectName":"/dev/null/inferredProject1*","typeAcquisition":{"enable":true,"include":[],"exclude":[]},"compilerOptions":{"target":1,"jsx":1,"allowNonTsExtensions":true,"allowJs":true,"noEmitForJsFiles":true,"maxNodeModuleJsDepth":2},"typings":["/home/arjun/.cache/typescript/4.0/node_modules/@types/minimist/index.d.ts"],"unresolvedImports":[],"kind":"action::set"}
[10:8:22.633] Response has been sent.
[10:8:22.634] Sending response:
    {"kind":"event::endInstallTypes","eventId":1,"projectName":"/dev/null/inferredProject1*","packagesToInstall":["@types/minimist@ts4.0"],"installSuccess":true,"typingsInstallerVersion":"4.0.3"}
[10:8:22.634] Response has been sent.
[10:8:22.985] Got install request {"projectName":"/dev/null/inferredProject1*","fileNames":["/home/arjun/.nvm/versions/node/v12.18.3/lib/node_modules/typescript/lib/lib.d.ts","/home/arjun/.nvm/versions/node/v12.18.3/lib/node_modules/typescript/lib/lib.es5.d.ts","/home/arjun/.nvm/versions/node/v12.18.3/lib/node_modules/typescript/lib/lib.dom.d.ts","/home/arjun/.nvm/versions/node/v12.18.3/lib/node_modules/typescript/lib/lib.webworker.importscripts.d.ts","/home/arjun/.nvm/versions/node/v12.18.3/lib/node_modules/typescript/lib/lib.scripthost.d.ts","/home/arjun/Programs/WhiteHatJR/barter-app/node_modules/@cnakazawa/watch/main.js","/home/arjun/.cache/typescript/4.0/node_modules/@types/minimist/index.d.ts"],"compilerOptions":{"target":1,"jsx":1,"allowNonTsExtensions":true,"allowJs":true,"noEmitForJsFiles":true,"maxNodeModuleJsDepth":2},"typeAcquisition":{"enable":true,"include":[],"exclude":[]},"unresolvedImports":[],"projectRootPath":"/home/arjun/Programs/WhiteHatJR/barter-app/node_modules/@cnakazawa/watch","kind":"discover"}
[10:8:22.985] Explicitly included types: []
[10:8:22.996] Typing names in '/home/arjun/Programs/WhiteHatJR/barter-app/node_modules/@cnakazawa/watch/package.json' dependencies: ["exec-sh","minimist"]
[10:8:22.998] Inferred typings from unresolved imports: []
[10:8:23.2] Result: {"cachedTypingPaths":["/home/arjun/.cache/typescript/4.0/node_modules/@types/minimist/index.d.ts"],"newTypingNames":["exec-sh"],"filesToWatch":["/home/arjun/Programs/WhiteHatJR/barter-app/node_modules/@cnakazawa/watch/package.json","/home/arjun/Programs/WhiteHatJR/barter-app/node_modules/@cnakazawa/watch/bower_components","/home/arjun/Programs/WhiteHatJR/barter-app/node_modules/@cnakazawa/watch/node_modules"]}
[10:8:23.2] Finished typings discovery: {"cachedTypingPaths":["/home/arjun/.cache/typescript/4.0/node_modules/@types/minimist/index.d.ts"],"newTypingNames":["exec-sh"],"filesToWatch":["/home/arjun/Programs/WhiteHatJR/barter-app/node_modules/@cnakazawa/watch/package.json","/home/arjun/Programs/WhiteHatJR/barter-app/node_modules/@cnakazawa/watch/bower_components","/home/arjun/Programs/WhiteHatJR/barter-app/node_modules/@cnakazawa/watch/node_modules"]}
[10:8:23.3] Installing typings ["exec-sh"]
[10:8:23.3] 'exec-sh':: Entry for package 'exec-sh' does not exist in local types registry - skipping...
[10:8:23.3] All typings are known to be missing or invalid - no need to install more typings
[10:8:23.3] Sending response:
    {"projectName":"/dev/null/inferredProject1*","typeAcquisition":{"enable":true,"include":[],"exclude":[]},"compilerOptions":{"target":1,"jsx":1,"allowNonTsExtensions":true,"allowJs":true,"noEmitForJsFiles":true,"maxNodeModuleJsDepth":2},"typings":["/home/arjun/.cache/typescript/4.0/node_modules/@types/minimist/index.d.ts"],"unresolvedImports":[],"kind":"action::set"}
[10:8:23.3] Response has been sent.
