[13:27:24.369] Global cache location '/home/arjun/.cache/typescript/4.0', safe file path '/home/arjun/.local/lib/node_modules/typescript/lib/typingSafeList.json', types map path /home/arjun/.local/lib/node_modules/typescript/lib/typesMap.json
[13:27:24.370] Processing cache location '/home/arjun/.cache/typescript/4.0'
[13:27:24.370] Trying to find '/home/arjun/.cache/typescript/4.0/package.json'...
[13:27:24.371] Loaded content of '/home/arjun/.cache/typescript/4.0/package.json': {"private":true,"dependencies":{"types-registry":"^0.1.513"},"devDependencies":{"@types/async":"^3.2.3","@types/atob":"^2.1.2","@types/babel__core":"^7.1.10","@types/bindings":"^1.3.0","@types/caniuse-lite":"^1.0.0","@types/core-js":"^2.5.4","@types/cross-spawn":"^6.0.2","@types/denodeify":"^1.2.31","@types/err-code":"^2.0.0","@types/eslint":"^7.2.3","@types/expo__vector-icons":"^9.0.1","@types/fbemitter":"^2.0.32","@types/immediate":"^3.2.0","@types/invariant":"^2.2.34","@types/isomorphic-fetch":"0.0.35","@types/karma":"^5.0.0","@types/karma-chrome-launcher":"^3.1.0","@types/karma-coverage-istanbul-reporter":"^2.1.0","@types/karma-jasmine":"^3.1.0","@types/karma-jasmine-html-reporter":"^1.5.1","@types/less":"^3.0.1","@types/lodash":"^4.14.162","@types/md5-file":"^4.0.2","@types/minimist":"^1.2.0","@types/mongodb":"^3.5.27","@types/mongoose":"^5.7.36","@types/nodemon":"^1.19.0","@types/object-assign":"^4.0.30","@types/object-path":"^0.11.0","@types/react":"^16.9.53","@types/react-dom":"^16.9.8","@types/react-native":"^0.63.30","@types/sass":"^1.16.0","@types/sass-loader":"^8.0.0","@types/sprintf":"^0.1.0","@types/tap":"^14.10.1","@types/ua-parser-js":"^0.7.33","@types/uuid":"^8.3.0"}}
[13:27:24.371] Loaded content of '/home/arjun/.cache/typescript/4.0/package-lock.json'
[13:27:24.387] Adding entry into typings cache: 'async' => '/home/arjun/.cache/typescript/4.0/node_modules/@types/async/index.d.ts'
[13:27:24.391] Adding entry into typings cache: 'atob' => '/home/arjun/.cache/typescript/4.0/node_modules/@types/atob/index.d.ts'
[13:27:24.396] Adding entry into typings cache: 'babel__core' => '/home/arjun/.cache/typescript/4.0/node_modules/@types/babel__core/index.d.ts'
[13:27:24.400] Adding entry into typings cache: 'bindings' => '/home/arjun/.cache/typescript/4.0/node_modules/@types/bindings/index.d.ts'
[13:27:24.402] Adding entry into typings cache: 'caniuse-lite' => '/home/arjun/.cache/typescript/4.0/node_modules/@types/caniuse-lite/index.d.ts'
[13:27:24.406] Adding entry into typings cache: 'core-js' => '/home/arjun/.cache/typescript/4.0/node_modules/@types/core-js/index.d.ts'
[13:27:24.408] Adding entry into typings cache: 'cross-spawn' => '/home/arjun/.cache/typescript/4.0/node_modules/@types/cross-spawn/index.d.ts'
[13:27:24.412] Adding entry into typings cache: 'denodeify' => '/home/arjun/.cache/typescript/4.0/node_modules/@types/denodeify/index.d.ts'
[13:27:24.417] Adding entry into typings cache: 'err-code' => '/home/arjun/.cache/typescript/4.0/node_modules/@types/err-code/index.d.ts'
[13:27:24.420] Adding entry into typings cache: 'eslint' => '/home/arjun/.cache/typescript/4.0/node_modules/@types/eslint/index.d.ts'
[13:27:24.425] Adding entry into typings cache: 'expo__vector-icons' => '/home/arjun/.cache/typescript/4.0/node_modules/@types/expo__vector-icons/index.d.ts'
[13:27:24.427] Adding entry into typings cache: 'fbemitter' => '/home/arjun/.cache/typescript/4.0/node_modules/@types/fbemitter/index.d.ts'
[13:27:24.430] Adding entry into typings cache: 'immediate' => '/home/arjun/.cache/typescript/4.0/node_modules/@types/immediate/index.d.ts'
[13:27:24.433] Adding entry into typings cache: 'invariant' => '/home/arjun/.cache/typescript/4.0/node_modules/@types/invariant/index.d.ts'
[13:27:24.436] Adding entry into typings cache: 'isomorphic-fetch' => '/home/arjun/.cache/typescript/4.0/node_modules/@types/isomorphic-fetch/index.d.ts'
[13:27:24.439] Adding entry into typings cache: 'karma' => '/home/arjun/.cache/typescript/4.0/node_modules/@types/karma/index.d.ts'
[13:27:24.440] Adding entry into typings cache: 'karma-chrome-launcher' => '/home/arjun/.cache/typescript/4.0/node_modules/@types/karma-chrome-launcher/index.d.ts'
[13:27:24.442] Adding entry into typings cache: 'karma-coverage-istanbul-reporter' => '/home/arjun/.cache/typescript/4.0/node_modules/@types/karma-coverage-istanbul-reporter/index.d.ts'
[13:27:24.444] Adding entry into typings cache: 'karma-jasmine' => '/home/arjun/.cache/typescript/4.0/node_modules/@types/karma-jasmine/index.d.ts'
[13:27:24.446] Adding entry into typings cache: 'karma-jasmine-html-reporter' => '/home/arjun/.cache/typescript/4.0/node_modules/@types/karma-jasmine-html-reporter/index.d.ts'
[13:27:24.448] Adding entry into typings cache: 'less' => '/home/arjun/.cache/typescript/4.0/node_modules/@types/less/index.d.ts'
[13:27:24.454] Adding entry into typings cache: 'lodash' => '/home/arjun/.cache/typescript/4.0/node_modules/@types/lodash/index.d.ts'
[13:27:24.456] Adding entry into typings cache: 'md5-file' => '/home/arjun/.cache/typescript/4.0/node_modules/@types/md5-file/index.d.ts'
[13:27:24.459] Adding entry into typings cache: 'minimist' => '/home/arjun/.cache/typescript/4.0/node_modules/@types/minimist/index.d.ts'
[13:27:24.464] Adding entry into typings cache: 'mongodb' => '/home/arjun/.cache/typescript/4.0/node_modules/@types/mongodb/index.d.ts'
[13:27:24.469] Adding entry into typings cache: 'mongoose' => '/home/arjun/.cache/typescript/4.0/node_modules/@types/mongoose/index.d.ts'
[13:27:24.472] Adding entry into typings cache: 'nodemon' => '/home/arjun/.cache/typescript/4.0/node_modules/@types/nodemon/index.d.ts'
[13:27:24.474] Adding entry into typings cache: 'object-assign' => '/home/arjun/.cache/typescript/4.0/node_modules/@types/object-assign/index.d.ts'
[13:27:24.477] Adding entry into typings cache: 'object-path' => '/home/arjun/.cache/typescript/4.0/node_modules/@types/object-path/index.d.ts'
[13:27:24.482] Adding entry into typings cache: 'react' => '/home/arjun/.cache/typescript/4.0/node_modules/@types/react/index.d.ts'
[13:27:24.484] Adding entry into typings cache: 'react-dom' => '/home/arjun/.cache/typescript/4.0/node_modules/@types/react-dom/index.d.ts'
[13:27:24.489] Adding entry into typings cache: 'react-native' => '/home/arjun/.cache/typescript/4.0/node_modules/@types/react-native/index.d.ts'
[13:27:24.491] Adding entry into typings cache: 'sass' => '/home/arjun/.cache/typescript/4.0/node_modules/@types/sass/index.d.ts'
[13:27:24.493] Adding entry into typings cache: 'sass-loader' => '/home/arjun/.cache/typescript/4.0/node_modules/@types/sass-loader/index.d.ts'
[13:27:24.495] Adding entry into typings cache: 'sprintf' => '/home/arjun/.cache/typescript/4.0/node_modules/@types/sprintf/index.d.ts'
[13:27:24.498] Adding entry into typings cache: 'tap' => '/home/arjun/.cache/typescript/4.0/node_modules/@types/tap/index.d.ts'
[13:27:24.499] Adding entry into typings cache: 'ua-parser-js' => '/home/arjun/.cache/typescript/4.0/node_modules/@types/ua-parser-js/index.d.ts'
[13:27:24.501] Adding entry into typings cache: 'uuid' => '/home/arjun/.cache/typescript/4.0/node_modules/@types/uuid/index.d.ts'
[13:27:24.501] Finished processing cache location '/home/arjun/.cache/typescript/4.0'
[13:27:24.501] Process id: 564
[13:27:24.501] NPM location: /usr/bin/npm (explicit '--npmLocation' not  provided)
[13:27:24.501] validateDefaultNpmLocation: false
[13:27:24.501] Npm config file: /home/arjun/.cache/typescript/4.0/package.json
[13:27:24.501] Updating types-registry npm package...
[13:27:24.502] Exec: /usr/bin/npm install --ignore-scripts types-registry@latest
[13:27:32.465]     Succeeded. stdout:
    + types-registry@0.1.513
    updated 1 package and audited 79 packages in 7.287s
found 0 vulnerabilities


[13:27:32.465] Updated types-registry npm package
[13:27:32.478] Got install request {"projectName":"/dev/null/inferredProject1*","fileNames":["/home/arjun/.local/lib/node_modules/typescript/lib/lib.d.ts","/home/arjun/.local/lib/node_modules/typescript/lib/lib.es5.d.ts","/home/arjun/.local/lib/node_modules/typescript/lib/lib.dom.d.ts","/home/arjun/.local/lib/node_modules/typescript/lib/lib.webworker.importscripts.d.ts","/home/arjun/.local/lib/node_modules/typescript/lib/lib.scripthost.d.ts","/home/arjun/Programs/WhiteHatJR/barter-app/node_modules/@callstack/react-theme-provider/lib/createThemeProvider.js"],"compilerOptions":{"target":1,"jsx":1,"allowNonTsExtensions":true,"allowJs":true,"noEmitForJsFiles":true,"maxNodeModuleJsDepth":2},"typeAcquisition":{"enable":true,"include":[],"exclude":[]},"unresolvedImports":[],"projectRootPath":"/home/arjun/Programs/WhiteHatJR/barter-app/node_modules/@callstack/react-theme-provider/lib","kind":"discover"}
[13:27:32.494] Loaded safelist from types map file '/home/arjun/.local/lib/node_modules/typescript/lib/typesMap.json'
[13:27:32.494] Explicitly included types: []
[13:27:32.495] Inferred typings from unresolved imports: []
[13:27:32.495] Result: {"cachedTypingPaths":[],"newTypingNames":[],"filesToWatch":["/home/arjun/Programs/WhiteHatJR/barter-app/node_modules/@callstack/react-theme-provider/lib/bower_components","/home/arjun/Programs/WhiteHatJR/barter-app/node_modules/@callstack/react-theme-provider/lib/node_modules"]}
[13:27:32.495] Finished typings discovery: {"cachedTypingPaths":[],"newTypingNames":[],"filesToWatch":["/home/arjun/Programs/WhiteHatJR/barter-app/node_modules/@callstack/react-theme-provider/lib/bower_components","/home/arjun/Programs/WhiteHatJR/barter-app/node_modules/@callstack/react-theme-provider/lib/node_modules"]}
[13:27:32.495] DirectoryWatcher:: Added:: WatchInfo: /home/arjun/Programs/WhiteHatJR/barter-app/node_modules/@callstack/react-theme-provider/lib/bower_components
[13:27:32.496] DirectoryWatcher:: Added:: WatchInfo: /home/arjun/Programs/WhiteHatJR/barter-app/node_modules/@callstack/react-theme-provider/lib/node_modules
[13:27:32.497] Sending response:
    {"projectName":"/dev/null/inferredProject1*","typeAcquisition":{"enable":true,"include":[],"exclude":[]},"compilerOptions":{"target":1,"jsx":1,"allowNonTsExtensions":true,"allowJs":true,"noEmitForJsFiles":true,"maxNodeModuleJsDepth":2},"typings":[],"unresolvedImports":[],"kind":"action::set"}
[13:27:32.497] Response has been sent.
[13:27:32.497] No new typings were requested as a result of typings discovery
