Info 0    [14:20:33.718] Starting TS Server
Info 1    [14:20:33.718] Version: 4.0.3
Info 2    [14:20:33.718] Arguments: /usr/bin/node /home/arjun/.local/bin/tsserver --logFile /home/arjun/Programs/WhiteHatJR/barter-app/.log/tsserver.log --logVerbosity info --cancellationPipeName /tmp/a52f1f8c34f88ce041362dba13f208f1/tscancellation*
Info 3    [14:20:33.718] Platform: linux NodeVersion: 12 CaseSensitive: true
Info 4    [14:20:33.718] ServerMode: undefined syntaxOnly: false hasUnknownServerMode: undefined
Info 5    [14:20:33.736] Search path: /home/arjun/Programs/WhiteHatJR/barter-app
Info 6    [14:20:33.738] For info: /home/arjun/Programs/WhiteHatJR/barter-app/App.js :: No config files found.
Info 7    [14:20:33.746] Starting updateGraphWorker: Project: /dev/null/inferredProject1*
Info 8    [14:20:42.831] Finishing updateGraphWorker: Project: /dev/null/inferredProject1* Version: 1 structureChanged: true Elapsed: 9085ms
Info 9    [14:20:42.831] Project '/dev/null/inferredProject1*' (Inferred)
Info 10   [14:20:42.831] 	Files (297)

Info 11   [14:20:42.832] -----------------------------------------------
Info 12   [14:20:42.907] Starting updateGraphWorker: Project: /dev/null/autoImportProviderProject1*
Info 13   [14:20:45.929] Finishing updateGraphWorker: Project: /dev/null/autoImportProviderProject1* Version: 1 structureChanged: true Elapsed: 3021ms
Info 14   [14:20:45.930] Project '/dev/null/autoImportProviderProject1*' (AutoImportProvider)
Info 15   [14:20:45.930] 	Files (111)

Info 16   [14:20:45.930] -----------------------------------------------
Info 17   [14:20:48.513] Starting updateGraphWorker: Project: /dev/null/inferredProject1*
Info 18   [14:20:49.795] Finishing updateGraphWorker: Project: /dev/null/inferredProject1* Version: 2 structureChanged: true Elapsed: 1282ms
Info 19   [14:20:49.795] Project '/dev/null/inferredProject1*' (Inferred)
Info 20   [14:20:49.795] 	Files (344)

Info 21   [14:20:49.795] -----------------------------------------------
Info 22   [14:20:49.795] Project '/dev/null/autoImportProviderProject1*' (AutoImportProvider)
Info 23   [14:20:49.795] 	Files (111)

Info 24   [14:20:49.795] -----------------------------------------------
Info 25   [14:20:50.760] Starting updateGraphWorker: Project: /dev/null/inferredProject1*
Info 26   [14:20:50.786] Finishing updateGraphWorker: Project: /dev/null/inferredProject1* Version: 3 structureChanged: false Elapsed: 26ms
Info 27   [14:20:53.12] Before ensureProjectForOpenFiles:
Info 28   [14:20:53.12] After ensureProjectForOpenFiles:
Info 29   [14:20:53.13] got projects updated in background, updating diagnostics for /home/arjun/Programs/WhiteHatJR/barter-app/App.js
Info 30   [14:32:0.608] Search path: /home/arjun/Programs/WhiteHatJR/barter-app/screens
Info 31   [14:32:0.610] For info: /home/arjun/Programs/WhiteHatJR/barter-app/screens/ExchangeRequest.js :: No config files found.
Info 32   [14:40:14.796] Search path: /home/arjun/Programs/WhiteHatJR/barter-app/screens
Info 33   [14:40:14.796] For info: /home/arjun/Programs/WhiteHatJR/barter-app/screens/Barters.js :: No config files found.
